<?xml version="1.0" encoding="UTF-8"?>
<coverage generated="1615249711">
  <project timestamp="1615249711">
    <package name="PinkCrab\Loader">
      <file name="/shared/httpd/php/htdocs/pc_modules/Loader/src/Hook_Collection.php">
        <class name="PinkCrab\Loader\Hook_Collection" namespace="PinkCrab\Loader" fullPackage="Hook">
          <metrics complexity="3" methods="2" coveredmethods="2" conditionals="0" coveredconditionals="0" statements="6" coveredstatements="6" elements="8" coveredelements="8"/>
        </class>
        <line num="42" type="method" name="push" visibility="public" complexity="1" crap="1" count="9"/>
        <line num="43" type="stmt" count="9"/>
        <line num="44" type="stmt" count="9"/>
        <line num="53" type="method" name="register" visibility="public" complexity="2" crap="2" count="9"/>
        <line num="54" type="stmt" count="9"/>
        <line num="55" type="stmt" count="9"/>
        <line num="56" type="stmt" count="9"/>
        <line num="58" type="stmt" count="9"/>
        <metrics loc="59" ncloc="22" classes="1" methods="2" coveredmethods="2" conditionals="0" coveredconditionals="0" statements="6" coveredstatements="6" elements="8" coveredelements="8"/>
      </file>
      <file name="/shared/httpd/php/htdocs/pc_modules/Loader/src/Hook_Removal.php">
        <class name="PinkCrab\Loader\Hook_Removal" namespace="PinkCrab\Loader" fullPackage="Hook">
          <metrics complexity="32" methods="9" coveredmethods="8" conditionals="0" coveredconditionals="0" statements="50" coveredstatements="49" elements="59" coveredelements="57"/>
        </class>
        <line num="66" type="method" name="__construct" visibility="public" complexity="2" crap="2" count="20"/>
        <line num="67" type="stmt" count="20"/>
        <line num="68" type="stmt" count="4"/>
        <line num="70" type="stmt" count="16"/>
        <line num="71" type="stmt" count="16"/>
        <line num="72" type="stmt" count="16"/>
        <line num="73" type="stmt" count="16"/>
        <line num="74" type="stmt" count="16"/>
        <line num="82" type="method" name="validate_callback" visibility="protected" complexity="8" crap="8.09" count="20"/>
        <line num="84" type="stmt" count="20"/>
        <line num="85" type="stmt" count="16"/>
        <line num="88" type="stmt" count="4"/>
        <line num="89" type="stmt" count="2"/>
        <line num="92" type="stmt" count="2"/>
        <line num="93" type="stmt" count="2"/>
        <line num="94" type="stmt" count="2"/>
        <line num="96" type="stmt" count="0"/>
        <line num="99" type="stmt" count="4"/>
        <line num="107" type="method" name="remove" visibility="public" complexity="9" crap="9" count="15"/>
        <line num="108" type="stmt" count="15"/>
        <line num="109" type="stmt" count="6"/>
        <line num="112" type="stmt" count="9"/>
        <line num="114" type="stmt" count="9"/>
        <line num="116" type="stmt" count="9"/>
        <line num="117" type="stmt" count="9"/>
        <line num="118" type="stmt" count="9"/>
        <line num="119" type="stmt" count="7"/>
        <line num="120" type="stmt" count="7"/>
        <line num="124" type="stmt" count="9"/>
        <line num="125" type="stmt" count="9"/>
        <line num="126" type="stmt" count="2"/>
        <line num="127" type="stmt" count="2"/>
        <line num="132" type="stmt" count="9"/>
        <line num="141" type="method" name="matching_function_callback" visibility="protected" complexity="2" crap="2" count="2"/>
        <line num="142" type="stmt" count="2"/>
        <line num="143" type="stmt" count="2"/>
        <line num="154" type="method" name="matching_class_callback" visibility="protected" complexity="4" crap="4" count="7"/>
        <line num="155" type="stmt" count="7"/>
        <line num="156" type="stmt" count="4"/>
        <line num="157" type="stmt" count="7"/>
        <line num="159" type="stmt" count="7"/>
        <line num="161" type="stmt" count="7"/>
        <line num="162" type="stmt" count="7"/>
        <line num="163" type="stmt" count="7"/>
        <line num="171" type="method" name="registered_hooks" visibility="protected" complexity="1" crap="1" count="9"/>
        <line num="172" type="stmt" count="9"/>
        <line num="173" type="stmt" count="9"/>
        <line num="175" type="stmt" count="9"/>
        <line num="176" type="stmt" count="9"/>
        <line num="185" type="method" name="get_callback_as_array" visibility="protected" complexity="3" crap="3" count="8"/>
        <line num="186" type="stmt" count="8"/>
        <line num="188" type="stmt" count="1"/>
        <line num="194" type="stmt" count="7"/>
        <line num="195" type="stmt" count="7"/>
        <line num="204" type="method" name="is_callback_closure" visibility="protected" complexity="1" crap="1" count="10"/>
        <line num="205" type="stmt" count="10"/>
        <line num="213" type="method" name="has_hook" visibility="protected" complexity="2" crap="2" count="15"/>
        <line num="214" type="stmt" count="15"/>
        <line num="215" type="stmt" count="15"/>
        <metrics loc="217" ncloc="121" classes="1" methods="9" coveredmethods="8" conditionals="0" coveredconditionals="0" statements="50" coveredstatements="49" elements="59" coveredelements="57"/>
      </file>
      <file name="/shared/httpd/php/htdocs/pc_modules/Loader/src/Loader.php">
        <class name="PinkCrab\Loader\Loader" namespace="PinkCrab\Loader">
          <metrics complexity="29" methods="16" coveredmethods="16" conditionals="0" coveredconditionals="0" statements="131" coveredstatements="131" elements="147" coveredelements="147"/>
        </class>
        <line num="87" type="method" name="__construct" visibility="public" complexity="1" crap="1" count="4"/>
        <line num="88" type="stmt" count="4"/>
        <line num="89" type="stmt" count="4"/>
        <line num="90" type="stmt" count="4"/>
        <line num="91" type="stmt" count="4"/>
        <line num="92" type="stmt" count="4"/>
        <line num="93" type="stmt" count="4"/>
        <line num="94" type="stmt" count="4"/>
        <line num="101" type="method" name="boot" visibility="public" complexity="2" crap="2" count="12"/>
        <line num="102" type="stmt" count="12"/>
        <line num="103" type="stmt" count="2"/>
        <line num="105" type="stmt" count="12"/>
        <line num="117" type="method" name="admin_action" visibility="public" complexity="1" crap="1" count="2"/>
        <line num="118" type="stmt" count="2"/>
        <line num="120" type="stmt" count="2"/>
        <line num="121" type="stmt" count="2"/>
        <line num="122" type="stmt" count="2"/>
        <line num="123" type="stmt" count="2"/>
        <line num="124" type="stmt" count="2"/>
        <line num="128" type="stmt" count="2"/>
        <line num="139" type="method" name="admin_filter" visibility="public" complexity="1" crap="1" count="1"/>
        <line num="140" type="stmt" count="1"/>
        <line num="142" type="stmt" count="1"/>
        <line num="143" type="stmt" count="1"/>
        <line num="144" type="stmt" count="1"/>
        <line num="145" type="stmt" count="1"/>
        <line num="146" type="stmt" count="1"/>
        <line num="150" type="stmt" count="1"/>
        <line num="161" type="method" name="front_action" visibility="public" complexity="1" crap="1" count="1"/>
        <line num="162" type="stmt" count="1"/>
        <line num="164" type="stmt" count="1"/>
        <line num="165" type="stmt" count="1"/>
        <line num="166" type="stmt" count="1"/>
        <line num="167" type="stmt" count="1"/>
        <line num="168" type="stmt" count="1"/>
        <line num="172" type="stmt" count="1"/>
        <line num="183" type="method" name="front_filter" visibility="public" complexity="1" crap="1" count="1"/>
        <line num="184" type="stmt" count="1"/>
        <line num="186" type="stmt" count="1"/>
        <line num="187" type="stmt" count="1"/>
        <line num="188" type="stmt" count="1"/>
        <line num="189" type="stmt" count="1"/>
        <line num="190" type="stmt" count="1"/>
        <line num="194" type="stmt" count="1"/>
        <line num="205" type="method" name="action" visibility="public" complexity="1" crap="1" count="1"/>
        <line num="206" type="stmt" count="1"/>
        <line num="208" type="stmt" count="1"/>
        <line num="209" type="stmt" count="1"/>
        <line num="210" type="stmt" count="1"/>
        <line num="211" type="stmt" count="1"/>
        <line num="212" type="stmt" count="1"/>
        <line num="216" type="stmt" count="1"/>
        <line num="227" type="method" name="filter" visibility="public" complexity="1" crap="1" count="1"/>
        <line num="228" type="stmt" count="1"/>
        <line num="230" type="stmt" count="1"/>
        <line num="231" type="stmt" count="1"/>
        <line num="232" type="stmt" count="1"/>
        <line num="233" type="stmt" count="1"/>
        <line num="234" type="stmt" count="1"/>
        <line num="238" type="stmt" count="1"/>
        <line num="247" type="method" name="shortcode" visibility="public" complexity="1" crap="1" count="1"/>
        <line num="248" type="stmt" count="1"/>
        <line num="250" type="stmt" count="1"/>
        <line num="251" type="stmt" count="1"/>
        <line num="255" type="stmt" count="1"/>
        <line num="266" type="method" name="ajax" visibility="public" complexity="1" crap="1" count="1"/>
        <line num="267" type="stmt" count="1"/>
        <line num="269" type="stmt" count="1"/>
        <line num="270" type="stmt" count="1"/>
        <line num="271" type="stmt" count="1"/>
        <line num="272" type="stmt" count="1"/>
        <line num="276" type="stmt" count="1"/>
        <line num="286" type="method" name="remove_action" visibility="public" complexity="1" crap="1" count="1"/>
        <line num="287" type="stmt" count="1"/>
        <line num="289" type="stmt" count="1"/>
        <line num="290" type="stmt" count="1"/>
        <line num="291" type="stmt" count="1"/>
        <line num="292" type="stmt" count="1"/>
        <line num="297" type="stmt" count="1"/>
        <line num="307" type="method" name="remove_filter" visibility="public" complexity="1" crap="1" count="1"/>
        <line num="308" type="stmt" count="1"/>
        <line num="310" type="stmt" count="1"/>
        <line num="311" type="stmt" count="1"/>
        <line num="312" type="stmt" count="1"/>
        <line num="313" type="stmt" count="1"/>
        <line num="318" type="stmt" count="1"/>
        <line num="328" type="method" name="remove" visibility="public" complexity="1" crap="1" count="1"/>
        <line num="329" type="stmt" count="1"/>
        <line num="331" type="stmt" count="1"/>
        <line num="332" type="stmt" count="1"/>
        <line num="333" type="stmt" count="1"/>
        <line num="334" type="stmt" count="1"/>
        <line num="339" type="stmt" count="1"/>
        <line num="346" type="method" name="register_hooks" visibility="public" complexity="11" crap="11" count="9"/>
        <line num="349" type="stmt" count="9"/>
        <line num="351" type="stmt" count="8"/>
        <line num="352" type="stmt" count="8"/>
        <line num="354" type="stmt" count="9"/>
        <line num="358" type="stmt" count="9"/>
        <line num="360" type="stmt" count="1"/>
        <line num="361" type="stmt" count="1"/>
        <line num="363" type="stmt" count="9"/>
        <line num="366" type="stmt" count="9"/>
        <line num="368" type="stmt" count="2"/>
        <line num="370" type="stmt" count="2"/>
        <line num="371" type="stmt" count="2"/>
        <line num="373" type="stmt" count="2"/>
        <line num="374" type="stmt" count="2"/>
        <line num="375" type="stmt" count="2"/>
        <line num="376" type="stmt" count="2"/>
        <line num="377" type="stmt" count="2"/>
        <line num="382" type="stmt" count="2"/>
        <line num="383" type="stmt" count="2"/>
        <line num="385" type="stmt" count="2"/>
        <line num="386" type="stmt" count="2"/>
        <line num="387" type="stmt" count="2"/>
        <line num="388" type="stmt" count="2"/>
        <line num="389" type="stmt" count="2"/>
        <line num="394" type="stmt" count="9"/>
        <line num="400" type="stmt" count="9"/>
        <line num="402" type="stmt" count="4"/>
        <line num="403" type="stmt" count="4"/>
        <line num="405" type="stmt" count="9"/>
        <line num="411" type="stmt" count="9"/>
        <line num="412" type="stmt" count="1"/>
        <line num="414" type="stmt" count="1"/>
        <line num="415" type="stmt" count="1"/>
        <line num="417" type="stmt" count="1"/>
        <line num="424" type="stmt" count="9"/>
        <line num="425" type="stmt" count="8"/>
        <line num="427" type="stmt" count="4"/>
        <line num="428" type="stmt" count="4"/>
        <line num="430" type="stmt" count="8"/>
        <line num="434" type="stmt" count="9"/>
        <line num="442" type="method" name="register_hook_callback" visibility="private" complexity="3" crap="3" count="6"/>
        <line num="444" type="stmt" count="6"/>
        <line num="445" type="stmt" count="6"/>
        <line num="446" type="stmt" count="5"/>
        <line num="447" type="stmt" count="5"/>
        <line num="449" type="stmt" count="5"/>
        <line num="450" type="stmt" count="5"/>
        <line num="451" type="stmt" count="5"/>
        <line num="453" type="stmt" count="6"/>
        <line num="462" type="method" name="remove_hook_callback" visibility="private" complexity="1" crap="1" count="8"/>
        <line num="463" type="stmt" count="8"/>
        <line num="464" type="stmt" count="8"/>
        <line num="465" type="stmt" count="8"/>
        <metrics loc="466" ncloc="271" classes="1" methods="16" coveredmethods="16" conditionals="0" coveredconditionals="0" statements="131" coveredstatements="131" elements="147" coveredelements="147"/>
      </file>
    </package>
    <metrics files="3" loc="742" ncloc="414" classes="3" methods="27" coveredmethods="26" conditionals="0" coveredconditionals="0" statements="187" coveredstatements="186" elements="214" coveredelements="212"/>
  </project>
</coverage>
